  Main.cpp
C:\SEM_4_Codes\ASS\Curs\Curs\MainForm.h(470,22): warning C4566: символ, представленный универсальным именем символа "\u2554", невозможно представить в текущей кодовой странице (1251)
C:\SEM_4_Codes\ASS\Curs\Curs\MainForm.h(470,22): warning C4566: символ, представленный универсальным именем символа "\u2550", невозможно представить в текущей кодовой странице (1251)
C:\SEM_4_Codes\ASS\Curs\Curs\MainForm.h(470,22): warning C4566: символ, представленный универсальным именем символа "\u2557", невозможно представить в текущей кодовой странице (1251)
C:\SEM_4_Codes\ASS\Curs\Curs\MainForm.h(471,22): warning C4566: символ, представленный универсальным именем символа "\u2551", невозможно представить в текущей кодовой странице (1251)
C:\SEM_4_Codes\ASS\Curs\Curs\MainForm.h(472,22): warning C4566: символ, представленный универсальным именем символа "\u255A", невозможно представить в текущей кодовой странице (1251)
C:\SEM_4_Codes\ASS\Curs\Curs\MainForm.h(472,22): warning C4566: символ, представленный универсальным именем символа "\u2550", невозможно представить в текущей кодовой странице (1251)
C:\SEM_4_Codes\ASS\Curs\Curs\MainForm.h(472,22): warning C4566: символ, представленный универсальным именем символа "\u255D", невозможно представить в текущей кодовой странице (1251)
C:\SEM_4_Codes\ASS\Curs\Curs\MainForm.h(475,22): warning C4566: символ, представленный универсальным именем символа "\u2554", невозможно представить в текущей кодовой странице (1251)
C:\SEM_4_Codes\ASS\Curs\Curs\MainForm.h(475,22): warning C4566: символ, представленный универсальным именем символа "\u2550", невозможно представить в текущей кодовой странице (1251)
C:\SEM_4_Codes\ASS\Curs\Curs\MainForm.h(475,22): warning C4566: символ, представленный универсальным именем символа "\u2557", невозможно представить в текущей кодовой странице (1251)
C:\SEM_4_Codes\ASS\Curs\Curs\MainForm.h(476,22): warning C4566: символ, представленный универсальным именем символа "\u2551", невозможно представить в текущей кодовой странице (1251)
C:\SEM_4_Codes\ASS\Curs\Curs\MainForm.h(477,22): warning C4566: символ, представленный универсальным именем символа "\u255A", невозможно представить в текущей кодовой странице (1251)
C:\SEM_4_Codes\ASS\Curs\Curs\MainForm.h(477,22): warning C4566: символ, представленный универсальным именем символа "\u2550", невозможно представить в текущей кодовой странице (1251)
C:\SEM_4_Codes\ASS\Curs\Curs\MainForm.h(477,22): warning C4566: символ, представленный универсальным именем символа "\u255D", невозможно представить в текущей кодовой странице (1251)
C:\SEM_4_Codes\ASS\Curs\Curs\MainForm.h(480,22): warning C4566: символ, представленный универсальным именем символа "\u2554", невозможно представить в текущей кодовой странице (1251)
C:\SEM_4_Codes\ASS\Curs\Curs\MainForm.h(480,22): warning C4566: символ, представленный универсальным именем символа "\u2550", невозможно представить в текущей кодовой странице (1251)
C:\SEM_4_Codes\ASS\Curs\Curs\MainForm.h(480,22): warning C4566: символ, представленный универсальным именем символа "\u2557", невозможно представить в текущей кодовой странице (1251)
C:\SEM_4_Codes\ASS\Curs\Curs\MainForm.h(481,22): warning C4566: символ, представленный универсальным именем символа "\u2551", невозможно представить в текущей кодовой странице (1251)
C:\SEM_4_Codes\ASS\Curs\Curs\MainForm.h(482,22): warning C4566: символ, представленный универсальным именем символа "\u255A", невозможно представить в текущей кодовой странице (1251)
C:\SEM_4_Codes\ASS\Curs\Curs\MainForm.h(482,22): warning C4566: символ, представленный универсальным именем символа "\u2550", невозможно представить в текущей кодовой странице (1251)
C:\SEM_4_Codes\ASS\Curs\Curs\MainForm.h(482,22): warning C4566: символ, представленный универсальным именем символа "\u255D", невозможно представить в текущей кодовой странице (1251)
C:\SEM_4_Codes\ASS\Curs\Curs\MainForm.h(488,23): warning C4566: символ, представленный универсальным именем символа "\u2554", невозможно представить в текущей кодовой странице (1251)
C:\SEM_4_Codes\ASS\Curs\Curs\MainForm.h(488,23): warning C4566: символ, представленный универсальным именем символа "\u2550", невозможно представить в текущей кодовой странице (1251)
C:\SEM_4_Codes\ASS\Curs\Curs\MainForm.h(488,23): warning C4566: символ, представленный универсальным именем символа "\u2557", невозможно представить в текущей кодовой странице (1251)
C:\SEM_4_Codes\ASS\Curs\Curs\MainForm.h(489,23): warning C4566: символ, представленный универсальным именем символа "\u2551", невозможно представить в текущей кодовой странице (1251)
C:\SEM_4_Codes\ASS\Curs\Curs\MainForm.h(490,23): warning C4566: символ, представленный универсальным именем символа "\u255A", невозможно представить в текущей кодовой странице (1251)
C:\SEM_4_Codes\ASS\Curs\Curs\MainForm.h(490,23): warning C4566: символ, представленный универсальным именем символа "\u2550", невозможно представить в текущей кодовой странице (1251)
C:\SEM_4_Codes\ASS\Curs\Curs\MainForm.h(490,23): warning C4566: символ, представленный универсальным именем символа "\u255D", невозможно представить в текущей кодовой странице (1251)
C:\SEM_4_Codes\ASS\Curs\Curs\MainForm.h(493,23): warning C4566: символ, представленный универсальным именем символа "\u2554", невозможно представить в текущей кодовой странице (1251)
C:\SEM_4_Codes\ASS\Curs\Curs\MainForm.h(493,23): warning C4566: символ, представленный универсальным именем символа "\u2550", невозможно представить в текущей кодовой странице (1251)
C:\SEM_4_Codes\ASS\Curs\Curs\MainForm.h(493,23): warning C4566: символ, представленный универсальным именем символа "\u2557", невозможно представить в текущей кодовой странице (1251)
C:\SEM_4_Codes\ASS\Curs\Curs\MainForm.h(494,23): warning C4566: символ, представленный универсальным именем символа "\u2551", невозможно представить в текущей кодовой странице (1251)
C:\SEM_4_Codes\ASS\Curs\Curs\MainForm.h(495,23): warning C4566: символ, представленный универсальным именем символа "\u255A", невозможно представить в текущей кодовой странице (1251)
C:\SEM_4_Codes\ASS\Curs\Curs\MainForm.h(495,23): warning C4566: символ, представленный универсальным именем символа "\u2550", невозможно представить в текущей кодовой странице (1251)
C:\SEM_4_Codes\ASS\Curs\Curs\MainForm.h(495,23): warning C4566: символ, представленный универсальным именем символа "\u255D", невозможно представить в текущей кодовой странице (1251)
C:\SEM_4_Codes\ASS\Curs\Curs\MainForm.h(498,23): warning C4566: символ, представленный универсальным именем символа "\u2554", невозможно представить в текущей кодовой странице (1251)
C:\SEM_4_Codes\ASS\Curs\Curs\MainForm.h(498,23): warning C4566: символ, представленный универсальным именем символа "\u2550", невозможно представить в текущей кодовой странице (1251)
C:\SEM_4_Codes\ASS\Curs\Curs\MainForm.h(498,23): warning C4566: символ, представленный универсальным именем символа "\u2557", невозможно представить в текущей кодовой странице (1251)
C:\SEM_4_Codes\ASS\Curs\Curs\MainForm.h(499,23): warning C4566: символ, представленный универсальным именем символа "\u2551", невозможно представить в текущей кодовой странице (1251)
C:\SEM_4_Codes\ASS\Curs\Curs\MainForm.h(500,23): warning C4566: символ, представленный универсальным именем символа "\u255A", невозможно представить в текущей кодовой странице (1251)
C:\SEM_4_Codes\ASS\Curs\Curs\MainForm.h(500,23): warning C4566: символ, представленный универсальным именем символа "\u2550", невозможно представить в текущей кодовой странице (1251)
C:\SEM_4_Codes\ASS\Curs\Curs\MainForm.h(500,23): warning C4566: символ, представленный универсальным именем символа "\u255D", невозможно представить в текущей кодовой странице (1251)
  Main.obj : обнаружен модуль MSIL; для MSIL последовательная компоновка отключена; выполняется полная компоновка
  Curs.vcxproj -> C:\SEM_4_Codes\ASS\Curs\Curs\x64\Debug\Curs.exe
